<?xml version="1.0" encoding="UTF-8"?>
<!-- Generated by org.testng.reporters.JUnitXMLReporter -->
<testsuite ignored="0" hostname="DESKTOP-Q9U7V40" failures="0" tests="7" name="LoginTest" time="88.249" errors="0" timestamp="2024-02-29T09:27:22 IST">
  <testcase classname="TestCases.TC_LoginTest001" name="LoginTest" time="3.424"/>
  <testcase classname="TestCases.TC_LoginTest001" name="failedcase" time="0.147"/>
  <testcase classname="TestCases.TC_LoginDDT_002" name="loginDDT" time="11.097"/>
  <testcase classname="TestCases.TC_LoginDDT_002" name="loginDDT" time="10.755"/>
  <testcase classname="TestCases.TC_LoginDDT_002" name="loginDDT" time="15.727"/>
  <testcase classname="TestCases.TC_LoginDDT_002" name="loginDDT" time="10.954"/>
  <testcase classname="TestCases.TC_HomePage_003" name="saucebackpack" time="13.074"/>
</testsuite> <!-- LoginTest -->
