<?xml version="1.0" encoding="UTF-8"?>
<testng-results ignored="0" total="7" passed="7" failed="0" skipped="0">
  <reporter-output>
  </reporter-output>
  <suite started-at="2024-02-29T09:25:53 IST" name="HybridFramework" finished-at="2024-02-29T09:27:21 IST" duration-ms="88249">
    <groups>
    </groups>
    <test started-at="2024-02-29T09:25:53 IST" name="LoginTest" finished-at="2024-02-29T09:27:21 IST" duration-ms="88249">
      <class name="TestCases.TC_HomePage_003">
        <test-method is-config="true" signature="setup(java.lang.String)[pri:0, instance:TestCases.TC_HomePage_003@7c7b252e]" started-at="2024-02-29T09:26:58 IST" name="setup" finished-at="2024-02-29T09:27:08 IST" duration-ms="9809" status="PASS">
          <params>
            <param index="0">
              <value>
                <![CDATA[chrome]]>
              </value>
            </param>
          </params>
          <reporter-output>
          </reporter-output>
        </test-method> <!-- setup -->
        <test-method signature="saucebackpack()[pri:0, instance:TestCases.TC_HomePage_003@7c7b252e]" started-at="2024-02-29T09:27:08 IST" name="saucebackpack" finished-at="2024-02-29T09:27:21 IST" duration-ms="13074" status="PASS">
          <reporter-output>
          </reporter-output>
        </test-method> <!-- saucebackpack -->
        <test-method is-config="true" signature="Teardown()[pri:0, instance:TestCases.TC_HomePage_003@7c7b252e]" started-at="2024-02-29T09:27:21 IST" name="Teardown" finished-at="2024-02-29T09:27:21 IST" duration-ms="451" status="PASS">
          <reporter-output>
          </reporter-output>
        </test-method> <!-- Teardown -->
      </class> <!-- TestCases.TC_HomePage_003 -->
      <class name="TestCases.TC_LoginTest001">
        <test-method is-config="true" signature="setup(java.lang.String)[pri:0, instance:TestCases.TC_LoginTest001@15eb5ee5]" started-at="2024-02-29T09:25:53 IST" name="setup" finished-at="2024-02-29T09:26:00 IST" duration-ms="6523" status="PASS">
          <params>
            <param index="0">
              <value>
                <![CDATA[chrome]]>
              </value>
            </param>
          </params>
          <reporter-output>
          </reporter-output>
        </test-method> <!-- setup -->
        <test-method signature="LoginTest()[pri:0, instance:TestCases.TC_LoginTest001@15eb5ee5]" started-at="2024-02-29T09:26:00 IST" name="LoginTest" finished-at="2024-02-29T09:26:03 IST" duration-ms="3424" status="PASS">
          <reporter-output>
          </reporter-output>
        </test-method> <!-- LoginTest -->
        <test-method signature="failedcase()[pri:0, instance:TestCases.TC_LoginTest001@15eb5ee5]" started-at="2024-02-29T09:26:03 IST" name="failedcase" finished-at="2024-02-29T09:26:03 IST" duration-ms="147" status="PASS">
          <reporter-output>
          </reporter-output>
        </test-method> <!-- failedcase -->
        <test-method is-config="true" signature="Teardown()[pri:0, instance:TestCases.TC_LoginTest001@15eb5ee5]" started-at="2024-02-29T09:26:03 IST" name="Teardown" finished-at="2024-02-29T09:26:04 IST" duration-ms="335" status="PASS">
          <reporter-output>
          </reporter-output>
        </test-method> <!-- Teardown -->
      </class> <!-- TestCases.TC_LoginTest001 -->
      <class name="TestCases.TC_LoginDDT_002">
        <test-method is-config="true" signature="setup(java.lang.String)[pri:0, instance:TestCases.TC_LoginDDT_002@3d51f06e]" started-at="2024-02-29T09:26:04 IST" name="setup" finished-at="2024-02-29T09:26:06 IST" duration-ms="2796" status="PASS">
          <params>
            <param index="0">
              <value>
                <![CDATA[chrome]]>
              </value>
            </param>
          </params>
          <reporter-output>
          </reporter-output>
        </test-method> <!-- setup -->
        <test-method signature="loginDDT(java.lang.String,java.lang.String)[pri:0, instance:TestCases.TC_LoginDDT_002@3d51f06e]" started-at="2024-02-29T09:26:09 IST" name="loginDDT" data-provider="LoginData" finished-at="2024-02-29T09:26:20 IST" duration-ms="11097" status="PASS">
          <params>
            <param index="0">
              <value>
                <![CDATA[standard_user]]>
              </value>
            </param>
            <param index="1">
              <value>
                <![CDATA[secret_sauce]]>
              </value>
            </param>
          </params>
          <reporter-output>
          </reporter-output>
        </test-method> <!-- loginDDT -->
        <test-method signature="loginDDT(java.lang.String,java.lang.String)[pri:0, instance:TestCases.TC_LoginDDT_002@3d51f06e]" started-at="2024-02-29T09:26:20 IST" name="loginDDT" data-provider="LoginData" finished-at="2024-02-29T09:26:31 IST" duration-ms="10755" status="PASS">
          <params>
            <param index="0">
              <value>
                <![CDATA[problem_user]]>
              </value>
            </param>
            <param index="1">
              <value>
                <![CDATA[secret_sauce]]>
              </value>
            </param>
          </params>
          <reporter-output>
          </reporter-output>
        </test-method> <!-- loginDDT -->
        <test-method signature="loginDDT(java.lang.String,java.lang.String)[pri:0, instance:TestCases.TC_LoginDDT_002@3d51f06e]" started-at="2024-02-29T09:26:31 IST" name="loginDDT" data-provider="LoginData" finished-at="2024-02-29T09:26:46 IST" duration-ms="15727" status="PASS">
          <params>
            <param index="0">
              <value>
                <![CDATA[performance_glitch_user]]>
              </value>
            </param>
            <param index="1">
              <value>
                <![CDATA[secret_sauce]]>
              </value>
            </param>
          </params>
          <reporter-output>
          </reporter-output>
        </test-method> <!-- loginDDT -->
        <test-method signature="loginDDT(java.lang.String,java.lang.String)[pri:0, instance:TestCases.TC_LoginDDT_002@3d51f06e]" started-at="2024-02-29T09:26:46 IST" name="loginDDT" data-provider="LoginData" finished-at="2024-02-29T09:26:57 IST" duration-ms="10954" status="PASS">
          <params>
            <param index="0">
              <value>
                <![CDATA[error_user]]>
              </value>
            </param>
            <param index="1">
              <value>
                <![CDATA[secret_sauce]]>
              </value>
            </param>
          </params>
          <reporter-output>
          </reporter-output>
        </test-method> <!-- loginDDT -->
        <test-method is-config="true" signature="Teardown()[pri:0, instance:TestCases.TC_LoginDDT_002@3d51f06e]" started-at="2024-02-29T09:26:57 IST" name="Teardown" finished-at="2024-02-29T09:26:58 IST" duration-ms="371" status="PASS">
          <reporter-output>
          </reporter-output>
        </test-method> <!-- Teardown -->
      </class> <!-- TestCases.TC_LoginDDT_002 -->
    </test> <!-- LoginTest -->
  </suite> <!-- HybridFramework -->
</testng-results>
