<?xml version="1.0" encoding="UTF-8"?>
<testng-results ignored="0" total="3" passed="3" failed="0" skipped="0">
  <reporter-output>
  </reporter-output>
  <suite started-at="2024-03-04T09:04:14 IST" name="HybridFramework" finished-at="2024-03-04T09:04:52 IST" duration-ms="38679">
    <groups>
    </groups>
    <test started-at="2024-03-04T09:04:14 IST" name="LoginTest" finished-at="2024-03-04T09:04:52 IST" duration-ms="38679">
      <class name="TestCases.TC_Products_004">
        <test-method is-config="true" signature="setup(java.lang.String)[pri:0, instance:TestCases.TC_Products_004@6a28ffa4]" started-at="2024-03-04T09:04:14 IST" name="setup" finished-at="2024-03-04T09:04:18 IST" duration-ms="4387" status="PASS">
          <params>
            <param index="0">
              <value>
                <![CDATA[chrome]]>
              </value>
            </param>
          </params>
          <reporter-output>
          </reporter-output>
        </test-method> <!-- setup -->
        <test-method signature="logintest()[pri:1, instance:TestCases.TC_Products_004@6a28ffa4]" started-at="2024-03-04T09:04:18 IST" name="logintest" finished-at="2024-03-04T09:04:45 IST" duration-ms="26639" status="PASS">
          <reporter-output>
          </reporter-output>
        </test-method> <!-- logintest -->
        <test-method signature="crossbrowser()[pri:2, instance:TestCases.TC_Products_004@6a28ffa4]" started-at="2024-03-04T09:04:45 IST" name="crossbrowser" finished-at="2024-03-04T09:04:45 IST" duration-ms="312" status="PASS">
          <reporter-output>
          </reporter-output>
        </test-method> <!-- crossbrowser -->
        <test-method signature="orchastrate()[pri:4, instance:TestCases.TC_Products_004@6a28ffa4]" started-at="2024-03-04T09:04:45 IST" name="orchastrate" finished-at="2024-03-04T09:04:52 IST" duration-ms="6283" status="PASS">
          <reporter-output>
          </reporter-output>
        </test-method> <!-- orchastrate -->
        <test-method is-config="true" signature="Teardown()[pri:0, instance:TestCases.TC_Products_004@6a28ffa4]" started-at="2024-03-04T09:04:52 IST" name="Teardown" finished-at="2024-03-04T09:04:52 IST" duration-ms="649" status="PASS">
          <reporter-output>
          </reporter-output>
        </test-method> <!-- Teardown -->
      </class> <!-- TestCases.TC_Products_004 -->
    </test> <!-- LoginTest -->
  </suite> <!-- HybridFramework -->
</testng-results>
