<?xml version="1.0" encoding="UTF-8"?>
<testsuite xmlns:xsi="http://www.w3.org/2001/XMLSchema-instance" xsi:noNamespaceSchemaLocation="https://maven.apache.org/surefire/maven-surefire-plugin/xsd/surefire-test-report.xsd" name="TestSuite" time="89.858" tests="7" errors="0" skipped="0" failures="0">
  <properties>
[...]
</properties>
  <testcase name="LoginTest" classname="TestCases.TC_LoginTest001" time="3.442"/>
  <testcase name="failedcase" classname="TestCases.TC_LoginTest001" time="0.147"/>
  <testcase name="loginDDT" classname="TestCases.TC_LoginDDT_002" time="11.099"/>
  <testcase name="loginDDT" classname="TestCases.TC_LoginDDT_002" time="10.754"/>
  <testcase name="loginDDT" classname="TestCases.TC_LoginDDT_002" time="15.727"/>
  <testcase name="loginDDT" classname="TestCases.TC_LoginDDT_002" time="10.955"/>
  <testcase name="saucebackpack" classname="TestCases.TC_HomePage_003" time="13.08"/>
</testsuite>