<?xml version="1.0" encoding="UTF-8"?>
<testng-results ignored="0" total="7" passed="7" failed="0" skipped="0">
  <reporter-output>
  </reporter-output>
  <suite started-at="2024-02-28T15:24:27 IST" name="HybridFramework" finished-at="2024-02-28T15:25:45 IST" duration-ms="77612">
    <groups>
    </groups>
    <test started-at="2024-02-28T15:24:27 IST" name="LoginTest" finished-at="2024-02-28T15:25:45 IST" duration-ms="77612">
      <class name="TestCases.TC_HomePage_003">
        <test-method is-config="true" signature="setup(java.lang.String)[pri:0, instance:TestCases.TC_HomePage_003@4f0f2942]" started-at="2024-02-28T15:25:28 IST" name="setup" finished-at="2024-02-28T15:25:31 IST" duration-ms="2864" status="PASS">
          <params>
            <param index="0">
              <value>
                <![CDATA[chrome]]>
              </value>
            </param>
          </params>
          <reporter-output>
          </reporter-output>
        </test-method> <!-- setup -->
        <test-method signature="saucebackpack()[pri:0, instance:TestCases.TC_HomePage_003@4f0f2942]" started-at="2024-02-28T15:25:31 IST" name="saucebackpack" finished-at="2024-02-28T15:25:44 IST" duration-ms="13089" status="PASS">
          <reporter-output>
          </reporter-output>
        </test-method> <!-- saucebackpack -->
        <test-method is-config="true" signature="Teardown()[pri:0, instance:TestCases.TC_HomePage_003@4f0f2942]" started-at="2024-02-28T15:25:44 IST" name="Teardown" finished-at="2024-02-28T15:25:45 IST" duration-ms="415" status="PASS">
          <reporter-output>
          </reporter-output>
        </test-method> <!-- Teardown -->
      </class> <!-- TestCases.TC_HomePage_003 -->
      <class name="TestCases.TC_LoginTest001">
        <test-method is-config="true" signature="setup(java.lang.String)[pri:0, instance:TestCases.TC_LoginTest001@28261e8e]" started-at="2024-02-28T15:24:27 IST" name="setup" finished-at="2024-02-28T15:24:32 IST" duration-ms="4273" status="PASS">
          <params>
            <param index="0">
              <value>
                <![CDATA[chrome]]>
              </value>
            </param>
          </params>
          <reporter-output>
          </reporter-output>
        </test-method> <!-- setup -->
        <test-method signature="LoginTest()[pri:0, instance:TestCases.TC_LoginTest001@28261e8e]" started-at="2024-02-28T15:24:32 IST" name="LoginTest" finished-at="2024-02-28T15:24:35 IST" duration-ms="3506" status="PASS">
          <reporter-output>
          </reporter-output>
        </test-method> <!-- LoginTest -->
        <test-method signature="failedcase()[pri:0, instance:TestCases.TC_LoginTest001@28261e8e]" started-at="2024-02-28T15:24:35 IST" name="failedcase" finished-at="2024-02-28T15:24:35 IST" duration-ms="206" status="PASS">
          <reporter-output>
          </reporter-output>
        </test-method> <!-- failedcase -->
        <test-method is-config="true" signature="Teardown()[pri:0, instance:TestCases.TC_LoginTest001@28261e8e]" started-at="2024-02-28T15:24:35 IST" name="Teardown" finished-at="2024-02-28T15:24:36 IST" duration-ms="381" status="PASS">
          <reporter-output>
          </reporter-output>
        </test-method> <!-- Teardown -->
      </class> <!-- TestCases.TC_LoginTest001 -->
      <class name="TestCases.TC_LoginDDT_002">
        <test-method is-config="true" signature="setup(java.lang.String)[pri:0, instance:TestCases.TC_LoginDDT_002@5afa3c9]" started-at="2024-02-28T15:24:36 IST" name="setup" finished-at="2024-02-28T15:24:38 IST" duration-ms="2588" status="PASS">
          <params>
            <param index="0">
              <value>
                <![CDATA[chrome]]>
              </value>
            </param>
          </params>
          <reporter-output>
          </reporter-output>
        </test-method> <!-- setup -->
        <test-method signature="loginDDT(java.lang.String,java.lang.String)[pri:0, instance:TestCases.TC_LoginDDT_002@5afa3c9]" started-at="2024-02-28T15:24:40 IST" name="loginDDT" data-provider="LoginData" finished-at="2024-02-28T15:24:51 IST" duration-ms="10816" status="PASS">
          <params>
            <param index="0">
              <value>
                <![CDATA[standard_user]]>
              </value>
            </param>
            <param index="1">
              <value>
                <![CDATA[secret_sauce]]>
              </value>
            </param>
          </params>
          <reporter-output>
          </reporter-output>
        </test-method> <!-- loginDDT -->
        <test-method signature="loginDDT(java.lang.String,java.lang.String)[pri:0, instance:TestCases.TC_LoginDDT_002@5afa3c9]" started-at="2024-02-28T15:24:51 IST" name="loginDDT" data-provider="LoginData" finished-at="2024-02-28T15:25:01 IST" duration-ms="10716" status="PASS">
          <params>
            <param index="0">
              <value>
                <![CDATA[problem_user]]>
              </value>
            </param>
            <param index="1">
              <value>
                <![CDATA[secret_sauce]]>
              </value>
            </param>
          </params>
          <reporter-output>
          </reporter-output>
        </test-method> <!-- loginDDT -->
        <test-method signature="loginDDT(java.lang.String,java.lang.String)[pri:0, instance:TestCases.TC_LoginDDT_002@5afa3c9]" started-at="2024-02-28T15:25:01 IST" name="loginDDT" data-provider="LoginData" finished-at="2024-02-28T15:25:17 IST" duration-ms="15682" status="PASS">
          <params>
            <param index="0">
              <value>
                <![CDATA[performance_glitch_user]]>
              </value>
            </param>
            <param index="1">
              <value>
                <![CDATA[secret_sauce]]>
              </value>
            </param>
          </params>
          <reporter-output>
          </reporter-output>
        </test-method> <!-- loginDDT -->
        <test-method signature="loginDDT(java.lang.String,java.lang.String)[pri:0, instance:TestCases.TC_LoginDDT_002@5afa3c9]" started-at="2024-02-28T15:25:17 IST" name="loginDDT" data-provider="LoginData" finished-at="2024-02-28T15:25:28 IST" duration-ms="10747" status="PASS">
          <params>
            <param index="0">
              <value>
                <![CDATA[error_user]]>
              </value>
            </param>
            <param index="1">
              <value>
                <![CDATA[secret_sauce]]>
              </value>
            </param>
          </params>
          <reporter-output>
          </reporter-output>
        </test-method> <!-- loginDDT -->
        <test-method is-config="true" signature="Teardown()[pri:0, instance:TestCases.TC_LoginDDT_002@5afa3c9]" started-at="2024-02-28T15:25:28 IST" name="Teardown" finished-at="2024-02-28T15:25:28 IST" duration-ms="432" status="PASS">
          <reporter-output>
          </reporter-output>
        </test-method> <!-- Teardown -->
      </class> <!-- TestCases.TC_LoginDDT_002 -->
    </test> <!-- LoginTest -->
  </suite> <!-- HybridFramework -->
</testng-results>
