<?xml version="1.0" encoding="UTF-8"?>
<testng-results ignored="0" total="3" passed="3" failed="0" skipped="0">
  <reporter-output>
  </reporter-output>
  <suite started-at="2024-03-04T07:44:09 IST" name="HybridFramework" finished-at="2024-03-04T07:44:47 IST" duration-ms="37936">
    <groups>
    </groups>
    <test started-at="2024-03-04T07:44:09 IST" name="LoginTest" finished-at="2024-03-04T07:44:47 IST" duration-ms="37936">
      <class name="TestCases.TC_Products_004">
        <test-method is-config="true" signature="setup(java.lang.String)[pri:0, instance:TestCases.TC_Products_004@5b7a5baa]" started-at="2024-03-04T07:44:10 IST" name="setup" finished-at="2024-03-04T07:44:14 IST" duration-ms="4018" status="PASS">
          <params>
            <param index="0">
              <value>
                <![CDATA[chrome]]>
              </value>
            </param>
          </params>
          <reporter-output>
          </reporter-output>
        </test-method> <!-- setup -->
        <test-method signature="logintest()[pri:1, instance:TestCases.TC_Products_004@5b7a5baa]" started-at="2024-03-04T07:44:14 IST" name="logintest" finished-at="2024-03-04T07:44:40 IST" duration-ms="26672" status="PASS">
          <reporter-output>
          </reporter-output>
        </test-method> <!-- logintest -->
        <test-method signature="crossbrowser()[pri:2, instance:TestCases.TC_Products_004@5b7a5baa]" started-at="2024-03-04T07:44:40 IST" name="crossbrowser" finished-at="2024-03-04T07:44:40 IST" duration-ms="163" status="PASS">
          <reporter-output>
          </reporter-output>
        </test-method> <!-- crossbrowser -->
        <test-method signature="orchastrate()[pri:4, instance:TestCases.TC_Products_004@5b7a5baa]" started-at="2024-03-04T07:44:40 IST" name="orchastrate" finished-at="2024-03-04T07:44:47 IST" duration-ms="6280" status="PASS">
          <reporter-output>
          </reporter-output>
        </test-method> <!-- orchastrate -->
        <test-method is-config="true" signature="Teardown()[pri:0, instance:TestCases.TC_Products_004@5b7a5baa]" started-at="2024-03-04T07:44:47 IST" name="Teardown" finished-at="2024-03-04T07:44:47 IST" duration-ms="408" status="PASS">
          <reporter-output>
          </reporter-output>
        </test-method> <!-- Teardown -->
      </class> <!-- TestCases.TC_Products_004 -->
    </test> <!-- LoginTest -->
  </suite> <!-- HybridFramework -->
</testng-results>
