<?xml version="1.0" encoding="UTF-8"?>
<!-- Generated by org.testng.reporters.JUnitXMLReporter -->
<testsuite ignored="1" hostname="DESKTOP-Q9U7V40" failures="0" tests="3" name="LoginTest" time="37.936" errors="0" timestamp="2024-03-04T07:44:48 IST">
  <testcase classname="TestCases.TC_Products_004" name="logintest" time="26.672"/>
  <testcase classname="TestCases.TC_Products_004" name="crossbrowser" time="0.163"/>
  <testcase classname="TestCases.TC_Products_004" name="orchastrate" time="6.28"/>
  <testcase classname="TestCases.TC_Products_004" name="platformt" time="0.0">
    <ignored/>
  </testcase> <!-- platformt -->
</testsuite> <!-- LoginTest -->
